<?xml version="1.0" encoding="UTF-8"?>
<testng-results skipped="0" failed="0" total="1" passed="1">
  <reporter-output>
  </reporter-output>
  <suite name="testpgm.NewTest" duration-ms="51" started-at="2017-11-12T07:12:30Z" finished-at="2017-11-12T07:12:30Z">
    <groups>
    </groups>
    <test name="Command line test" duration-ms="51" started-at="2017-11-12T07:12:30Z" finished-at="2017-11-12T07:12:30Z">
      <class name="testpgm.NewTest">
        <test-method status="PASS" signature="f()[pri:0, instance:testpgm.NewTest@380fb434]" name="f" duration-ms="10" started-at="2017-11-12T12:42:30Z" finished-at="2017-11-12T12:42:30Z">
          <reporter-output>
          </reporter-output>
        </test-method> <!-- f -->
      </class> <!-- testpgm.NewTest -->
    </test> <!-- Command line test -->
  </suite> <!-- testpgm.NewTest -->
</testng-results>
