<?xml version="1.0" encoding="UTF-8"?>
<testng-results skipped="0" failed="0" total="1" passed="1">
  <reporter-output>
  </reporter-output>
  <suite name="Sample test Suite" duration-ms="143" started-at="2016-10-24T17:34:25Z" finished-at="2016-10-24T17:34:25Z">
    <groups>
    </groups>
    <test name="Sample test" duration-ms="143" started-at="2016-10-24T17:34:25Z" finished-at="2016-10-24T17:34:25Z">
      <class name="testpgm.NewTest">
        <test-method status="PASS" signature="f()[pri:0, instance:testpgm.NewTest@34c75a]" name="f" duration-ms="53" started-at="2016-10-24T23:04:25Z" finished-at="2016-10-24T23:04:25Z">
          <reporter-output>
          </reporter-output>
        </test-method> <!-- f -->
      </class> <!-- testpgm.NewTest -->
    </test> <!-- Sample test -->
  </suite> <!-- Sample test Suite -->
</testng-results>
